{
  "/Users/lazy_sloth/Desktop/dev/projects/worklog/backend/src/application/dtos/WorkLogDTO.ts": {
    "path": "/Users/lazy_sloth/Desktop/dev/projects/worklog/backend/src/application/dtos/WorkLogDTO.ts",
    "statementMap": {
      "0": { "start": { "line": 5, "column": 33 }, "end": { "line": 11, "column": null } },
      "1": { "start": { "line": 13, "column": 35 }, "end": { "line": 21, "column": null } },
      "2": { "start": { "line": 23, "column": 35 }, "end": { "line": 28, "column": null } },
      "3": { "start": { "line": 30, "column": 35 }, "end": { "line": 34, "column": null } },
      "4": { "start": { "line": 36, "column": 36 }, "end": { "line": 36, "column": null } }
    },
    "fnMap": {},
    "branchMap": {},
    "s": { "0": 5, "1": 5, "2": 5, "3": 5, "4": 5 },
    "f": {},
    "b": {},
    "meta": {
      "lastBranch": 0,
      "lastFunction": 0,
      "lastStatement": 5,
      "seen": {
        "s:5:33:11:Infinity": 0,
        "s:13:35:21:Infinity": 1,
        "s:23:35:28:Infinity": 2,
        "s:30:35:34:Infinity": 3,
        "s:36:36:36:Infinity": 4
      }
    }
  },
  "/Users/lazy_sloth/Desktop/dev/projects/worklog/backend/src/application/use-cases/WorkLog/CreateWorkLog.ts": {
    "path": "/Users/lazy_sloth/Desktop/dev/projects/worklog/backend/src/application/use-cases/WorkLog/CreateWorkLog.ts",
    "statementMap": {
      "0": { "start": { "line": 10, "column": 15 }, "end": { "line": 27, "column": null } },
      "1": { "start": { "line": 11, "column": 61 }, "end": { "line": 11, "column": 100 } },
      "2": { "start": { "line": 14, "column": 20 }, "end": { "line": 23, "column": null } },
      "3": { "start": { "line": 25, "column": 4 }, "end": { "line": 25, "column": null } }
    },
    "fnMap": {
      "0": {
        "name": "constructor",
        "decl": { "start": { "line": 11, "column": 2 }, "end": { "line": 11, "column": 14 } },
        "loc": { "start": { "line": 11, "column": 100 }, "end": { "line": 11, "column": null } },
        "line": 11
      },
      "1": {
        "name": "execute",
        "decl": { "start": { "line": 13, "column": 15 }, "end": { "line": 13, "column": 23 } },
        "loc": { "start": { "line": 13, "column": 72 }, "end": { "line": 26, "column": null } },
        "line": 13
      }
    },
    "branchMap": {},
    "s": { "0": 5, "1": 12, "2": 3, "3": 3 },
    "f": { "0": 12, "1": 3 },
    "b": {},
    "meta": {
      "lastBranch": 0,
      "lastFunction": 2,
      "lastStatement": 4,
      "seen": {
        "s:10:15:27:Infinity": 0,
        "f:11:2:11:14": 0,
        "s:11:61:11:100": 1,
        "f:13:15:13:23": 1,
        "s:14:20:23:Infinity": 2,
        "s:25:4:25:Infinity": 3
      }
    }
  },
  "/Users/lazy_sloth/Desktop/dev/projects/worklog/backend/src/application/use-cases/WorkLog/DeleteWorkLogs.ts": {
    "path": "/Users/lazy_sloth/Desktop/dev/projects/worklog/backend/src/application/use-cases/WorkLog/DeleteWorkLogs.ts",
    "statementMap": {
      "0": { "start": { "line": 6, "column": 15 }, "end": { "line": 14, "column": null } },
      "1": { "start": { "line": 8, "column": 51 }, "end": { "line": 8, "column": null } },
      "2": { "start": { "line": 12, "column": 4 }, "end": { "line": 12, "column": null } }
    },
    "fnMap": {
      "0": {
        "name": "constructor",
        "decl": { "start": { "line": 7, "column": 2 }, "end": { "line": 7, "column": null } },
        "loc": { "start": { "line": 9, "column": 4 }, "end": { "line": 9, "column": null } },
        "line": 9
      },
      "1": {
        "name": "execute",
        "decl": { "start": { "line": 11, "column": 15 }, "end": { "line": 11, "column": 23 } },
        "loc": { "start": { "line": 11, "column": 61 }, "end": { "line": 13, "column": null } },
        "line": 11
      }
    },
    "branchMap": {},
    "s": { "0": 5, "1": 11, "2": 2 },
    "f": { "0": 11, "1": 2 },
    "b": {},
    "meta": {
      "lastBranch": 0,
      "lastFunction": 2,
      "lastStatement": 3,
      "seen": {
        "s:6:15:14:Infinity": 0,
        "f:7:2:7:Infinity": 0,
        "s:8:51:8:Infinity": 1,
        "f:11:15:11:23": 1,
        "s:12:4:12:Infinity": 2
      }
    }
  },
  "/Users/lazy_sloth/Desktop/dev/projects/worklog/backend/src/application/use-cases/WorkLog/GetWorkLogs.ts": {
    "path": "/Users/lazy_sloth/Desktop/dev/projects/worklog/backend/src/application/use-cases/WorkLog/GetWorkLogs.ts",
    "statementMap": {
      "0": { "start": { "line": 8, "column": 15 }, "end": { "line": 16, "column": null } },
      "1": { "start": { "line": 10, "column": 51 }, "end": { "line": 10, "column": null } },
      "2": { "start": { "line": 14, "column": 4 }, "end": { "line": 14, "column": null } }
    },
    "fnMap": {
      "0": {
        "name": "constructor",
        "decl": { "start": { "line": 9, "column": 2 }, "end": { "line": 9, "column": null } },
        "loc": { "start": { "line": 11, "column": 4 }, "end": { "line": 11, "column": null } },
        "line": 11
      },
      "1": {
        "name": "execute",
        "decl": { "start": { "line": 13, "column": 15 }, "end": { "line": 13, "column": 23 } },
        "loc": { "start": { "line": 13, "column": 69 }, "end": { "line": 15, "column": null } },
        "line": 13
      }
    },
    "branchMap": {},
    "s": { "0": 5, "1": 11, "2": 2 },
    "f": { "0": 11, "1": 2 },
    "b": {},
    "meta": {
      "lastBranch": 0,
      "lastFunction": 2,
      "lastStatement": 3,
      "seen": {
        "s:8:15:16:Infinity": 0,
        "f:9:2:9:Infinity": 0,
        "s:10:51:10:Infinity": 1,
        "f:13:15:13:23": 1,
        "s:14:4:14:Infinity": 2
      }
    }
  },
  "/Users/lazy_sloth/Desktop/dev/projects/worklog/backend/src/application/use-cases/WorkLog/UpdateWorkLog.ts": {
    "path": "/Users/lazy_sloth/Desktop/dev/projects/worklog/backend/src/application/use-cases/WorkLog/UpdateWorkLog.ts",
    "statementMap": {
      "0": { "start": { "line": 9, "column": 15 }, "end": { "line": 31, "column": null } },
      "1": { "start": { "line": 11, "column": 51 }, "end": { "line": 11, "column": null } },
      "2": { "start": { "line": 15, "column": 20 }, "end": { "line": 15, "column": null } },
      "3": { "start": { "line": 16, "column": 4 }, "end": { "line": 16, "column": null } },
      "4": { "start": { "line": 16, "column": 18 }, "end": { "line": 16, "column": null } },
      "5": { "start": { "line": 18, "column": 27 }, "end": { "line": 27, "column": null } },
      "6": { "start": { "line": 29, "column": 4 }, "end": { "line": 29, "column": null } }
    },
    "fnMap": {
      "0": {
        "name": "constructor",
        "decl": { "start": { "line": 10, "column": 2 }, "end": { "line": 10, "column": null } },
        "loc": { "start": { "line": 12, "column": 4 }, "end": { "line": 12, "column": null } },
        "line": 12
      },
      "1": {
        "name": "execute",
        "decl": { "start": { "line": 14, "column": 15 }, "end": { "line": 14, "column": 23 } },
        "loc": { "start": { "line": 14, "column": 72 }, "end": { "line": 30, "column": null } },
        "line": 14
      }
    },
    "branchMap": {
      "0": {
        "loc": { "start": { "line": 16, "column": 4 }, "end": { "line": 16, "column": null } },
        "type": "if",
        "locations": [
          { "start": { "line": 16, "column": 4 }, "end": { "line": 16, "column": null } },
          { "start": {}, "end": {} }
        ],
        "line": 16
      },
      "1": {
        "loc": { "start": { "line": 20, "column": 12 }, "end": { "line": 20, "column": null } },
        "type": "cond-expr",
        "locations": [
          { "start": { "line": 20, "column": 44 }, "end": { "line": 20, "column": 62 } },
          { "start": { "line": 20, "column": 62 }, "end": { "line": 20, "column": null } }
        ],
        "line": 20
      },
      "2": {
        "loc": { "start": { "line": 21, "column": 18 }, "end": { "line": 21, "column": null } },
        "type": "binary-expr",
        "locations": [
          { "start": { "line": 21, "column": 18 }, "end": { "line": 21, "column": 43 } },
          { "start": { "line": 21, "column": 43 }, "end": { "line": 21, "column": null } }
        ],
        "line": 21
      },
      "3": {
        "loc": { "start": { "line": 22, "column": 14 }, "end": { "line": 22, "column": null } },
        "type": "binary-expr",
        "locations": [
          { "start": { "line": 22, "column": 14 }, "end": { "line": 22, "column": 35 } },
          { "start": { "line": 22, "column": 35 }, "end": { "line": 22, "column": null } }
        ],
        "line": 22
      },
      "4": {
        "loc": { "start": { "line": 23, "column": 12 }, "end": { "line": 23, "column": null } },
        "type": "binary-expr",
        "locations": [
          { "start": { "line": 23, "column": 12 }, "end": { "line": 23, "column": 31 } },
          { "start": { "line": 23, "column": 31 }, "end": { "line": 23, "column": null } }
        ],
        "line": 23
      },
      "5": {
        "loc": { "start": { "line": 24, "column": 20 }, "end": { "line": 24, "column": null } },
        "type": "binary-expr",
        "locations": [
          { "start": { "line": 24, "column": 20 }, "end": { "line": 24, "column": 47 } },
          { "start": { "line": 24, "column": 47 }, "end": { "line": 24, "column": null } }
        ],
        "line": 24
      }
    },
    "s": { "0": 5, "1": 12, "2": 7, "3": 5, "4": 5, "5": 2, "6": 7 },
    "f": { "0": 12, "1": 7 },
    "b": { "0": [3, 2], "1": [0, 2], "2": [7, 2], "3": [7, 0], "4": [7, 2], "5": [7, 2] },
    "meta": {
      "lastBranch": 6,
      "lastFunction": 2,
      "lastStatement": 7,
      "seen": {
        "s:9:15:31:Infinity": 0,
        "f:10:2:10:Infinity": 0,
        "s:11:51:11:Infinity": 1,
        "f:14:15:14:23": 1,
        "s:15:20:15:Infinity": 2,
        "b:16:4:16:Infinity:undefined:undefined:undefined:undefined": 0,
        "s:16:4:16:Infinity": 3,
        "s:16:18:16:Infinity": 4,
        "s:18:27:27:Infinity": 5,
        "b:20:44:20:62:20:62:20:Infinity": 1,
        "b:21:18:21:43:21:43:21:Infinity": 2,
        "b:22:14:22:35:22:35:22:Infinity": 3,
        "b:23:12:23:31:23:31:23:Infinity": 4,
        "b:24:20:24:47:24:47:24:Infinity": 5,
        "s:29:4:29:Infinity": 6
      }
    }
  },
  "/Users/lazy_sloth/Desktop/dev/projects/worklog/backend/src/application/use-cases/WorkType/GetWorkTypes.ts": {
    "path": "/Users/lazy_sloth/Desktop/dev/projects/worklog/backend/src/application/use-cases/WorkType/GetWorkTypes.ts",
    "statementMap": {
      "0": { "start": { "line": 6, "column": 15 }, "end": { "line": 14, "column": null } },
      "1": { "start": { "line": 8, "column": 52 }, "end": { "line": 8, "column": null } },
      "2": { "start": { "line": 12, "column": 4 }, "end": { "line": 12, "column": null } }
    },
    "fnMap": {
      "0": {
        "name": "constructor",
        "decl": { "start": { "line": 7, "column": 2 }, "end": { "line": 7, "column": null } },
        "loc": { "start": { "line": 9, "column": 4 }, "end": { "line": 9, "column": null } },
        "line": 9
      },
      "1": {
        "name": "execute",
        "decl": { "start": { "line": 11, "column": 15 }, "end": { "line": 11, "column": 46 } },
        "loc": { "start": { "line": 11, "column": 46 }, "end": { "line": 13, "column": null } },
        "line": 11
      }
    },
    "branchMap": {},
    "s": { "0": 2, "1": 2, "2": 2 },
    "f": { "0": 2, "1": 2 },
    "b": {},
    "meta": {
      "lastBranch": 0,
      "lastFunction": 2,
      "lastStatement": 3,
      "seen": {
        "s:6:15:14:Infinity": 0,
        "f:7:2:7:Infinity": 0,
        "s:8:52:8:Infinity": 1,
        "f:11:15:11:46": 1,
        "s:12:4:12:Infinity": 2
      }
    }
  },
  "/Users/lazy_sloth/Desktop/dev/projects/worklog/backend/src/domain/entities/WorkLog.ts": {
    "path": "/Users/lazy_sloth/Desktop/dev/projects/worklog/backend/src/domain/entities/WorkLog.ts",
    "statementMap": {
      "0": { "start": { "line": 25, "column": 4 }, "end": { "line": 25, "column": null } },
      "1": { "start": { "line": 26, "column": 4 }, "end": { "line": 26, "column": null } },
      "2": { "start": { "line": 27, "column": 4 }, "end": { "line": 27, "column": null } },
      "3": { "start": { "line": 28, "column": 4 }, "end": { "line": 28, "column": null } },
      "4": { "start": { "line": 29, "column": 4 }, "end": { "line": 29, "column": null } },
      "5": { "start": { "line": 30, "column": 4 }, "end": { "line": 30, "column": null } },
      "6": { "start": { "line": 31, "column": 4 }, "end": { "line": 31, "column": null } },
      "7": { "start": { "line": 32, "column": 4 }, "end": { "line": 32, "column": null } }
    },
    "fnMap": {
      "0": {
        "name": "constructor",
        "decl": { "start": { "line": 24, "column": 2 }, "end": { "line": 24, "column": 14 } },
        "loc": { "start": { "line": 24, "column": 36 }, "end": { "line": 33, "column": null } },
        "line": 24
      }
    },
    "branchMap": {},
    "s": { "0": 12, "1": 12, "2": 12, "3": 12, "4": 12, "5": 12, "6": 12, "7": 12 },
    "f": { "0": 12 },
    "b": {},
    "meta": {
      "lastBranch": 0,
      "lastFunction": 1,
      "lastStatement": 8,
      "seen": {
        "f:24:2:24:14": 0,
        "s:25:4:25:Infinity": 0,
        "s:26:4:26:Infinity": 1,
        "s:27:4:27:Infinity": 2,
        "s:28:4:28:Infinity": 3,
        "s:29:4:29:Infinity": 4,
        "s:30:4:30:Infinity": 5,
        "s:31:4:31:Infinity": 6,
        "s:32:4:32:Infinity": 7
      }
    }
  },
  "/Users/lazy_sloth/Desktop/dev/projects/worklog/backend/src/domain/entities/WorkType.ts": {
    "path": "/Users/lazy_sloth/Desktop/dev/projects/worklog/backend/src/domain/entities/WorkType.ts",
    "statementMap": {
      "0": { "start": { "line": 15, "column": 4 }, "end": { "line": 15, "column": null } },
      "1": { "start": { "line": 16, "column": 4 }, "end": { "line": 16, "column": null } },
      "2": { "start": { "line": 17, "column": 4 }, "end": { "line": 17, "column": null } },
      "3": { "start": { "line": 18, "column": 4 }, "end": { "line": 18, "column": null } }
    },
    "fnMap": {
      "0": {
        "name": "constructor",
        "decl": { "start": { "line": 14, "column": 2 }, "end": { "line": 14, "column": 14 } },
        "loc": { "start": { "line": 14, "column": 37 }, "end": { "line": 19, "column": null } },
        "line": 14
      }
    },
    "branchMap": {},
    "s": { "0": 7, "1": 7, "2": 7, "3": 7 },
    "f": { "0": 7 },
    "b": {},
    "meta": {
      "lastBranch": 0,
      "lastFunction": 1,
      "lastStatement": 4,
      "seen": {
        "f:14:2:14:14": 0,
        "s:15:4:15:Infinity": 0,
        "s:16:4:16:Infinity": 1,
        "s:17:4:17:Infinity": 2,
        "s:18:4:18:Infinity": 3
      }
    }
  },
  "/Users/lazy_sloth/Desktop/dev/projects/worklog/backend/src/domain/errors/DomainError.ts": {
    "path": "/Users/lazy_sloth/Desktop/dev/projects/worklog/backend/src/domain/errors/DomainError.ts",
    "statementMap": {
      "0": { "start": { "line": 5, "column": 4 }, "end": { "line": 5, "column": null } },
      "1": { "start": { "line": 6, "column": 4 }, "end": { "line": 6, "column": null } }
    },
    "fnMap": {
      "0": {
        "name": "constructor",
        "decl": { "start": { "line": 4, "column": 2 }, "end": { "line": 4, "column": 14 } },
        "loc": { "start": { "line": 4, "column": 31 }, "end": { "line": 7, "column": null } },
        "line": 4
      }
    },
    "branchMap": {},
    "s": { "0": 9, "1": 9 },
    "f": { "0": 9 },
    "b": {},
    "meta": {
      "lastBranch": 0,
      "lastFunction": 1,
      "lastStatement": 2,
      "seen": { "f:4:2:4:14": 0, "s:5:4:5:Infinity": 0, "s:6:4:6:Infinity": 1 }
    }
  },
  "/Users/lazy_sloth/Desktop/dev/projects/worklog/backend/src/domain/errors/ForbiddenError.ts": {
    "path": "/Users/lazy_sloth/Desktop/dev/projects/worklog/backend/src/domain/errors/ForbiddenError.ts",
    "statementMap": {
      "0": { "start": { "line": 7, "column": 4 }, "end": { "line": 7, "column": null } },
      "1": { "start": { "line": 8, "column": 4 }, "end": { "line": 8, "column": null } }
    },
    "fnMap": {
      "0": {
        "name": "constructor",
        "decl": { "start": { "line": 6, "column": 2 }, "end": { "line": 6, "column": 16 } },
        "loc": { "start": { "line": 6, "column": 16 }, "end": { "line": 9, "column": null } },
        "line": 6
      }
    },
    "branchMap": {},
    "s": { "0": 1, "1": 1 },
    "f": { "0": 1 },
    "b": {},
    "meta": {
      "lastBranch": 0,
      "lastFunction": 1,
      "lastStatement": 2,
      "seen": { "f:6:2:6:16": 0, "s:7:4:7:Infinity": 0, "s:8:4:8:Infinity": 1 }
    }
  },
  "/Users/lazy_sloth/Desktop/dev/projects/worklog/backend/src/domain/errors/NotFoundError.ts": {
    "path": "/Users/lazy_sloth/Desktop/dev/projects/worklog/backend/src/domain/errors/NotFoundError.ts",
    "statementMap": {
      "0": { "start": { "line": 9, "column": 4 }, "end": { "line": 9, "column": null } },
      "1": { "start": { "line": 10, "column": 4 }, "end": { "line": 10, "column": null } }
    },
    "fnMap": {
      "0": {
        "name": "constructor",
        "decl": { "start": { "line": 8, "column": 2 }, "end": { "line": 8, "column": 14 } },
        "loc": { "start": { "line": 8, "column": 35 }, "end": { "line": 11, "column": null } },
        "line": 8
      }
    },
    "branchMap": {},
    "s": { "0": 4, "1": 4 },
    "f": { "0": 4 },
    "b": {},
    "meta": {
      "lastBranch": 0,
      "lastFunction": 1,
      "lastStatement": 2,
      "seen": { "f:8:2:8:14": 0, "s:9:4:9:Infinity": 0, "s:10:4:10:Infinity": 1 }
    }
  },
  "/Users/lazy_sloth/Desktop/dev/projects/worklog/backend/src/domain/errors/ValidationError.ts": {
    "path": "/Users/lazy_sloth/Desktop/dev/projects/worklog/backend/src/domain/errors/ValidationError.ts",
    "statementMap": {
      "0": { "start": { "line": 10, "column": 4 }, "end": { "line": 10, "column": null } },
      "1": { "start": { "line": 11, "column": 4 }, "end": { "line": 11, "column": null } },
      "2": { "start": { "line": 12, "column": 4 }, "end": { "line": 12, "column": null } },
      "3": { "start": { "line": 16, "column": 4 }, "end": { "line": 20, "column": null } }
    },
    "fnMap": {
      "0": {
        "name": "constructor",
        "decl": { "start": { "line": 9, "column": 2 }, "end": { "line": 9, "column": 14 } },
        "loc": { "start": { "line": 9, "column": 42 }, "end": { "line": 13, "column": null } },
        "line": 9
      },
      "1": {
        "name": "toJSON",
        "decl": { "start": { "line": 15, "column": 2 }, "end": { "line": 15, "column": 9 } },
        "loc": { "start": { "line": 15, "column": 18 }, "end": { "line": 21, "column": null } },
        "line": 15
      }
    },
    "branchMap": {},
    "s": { "0": 4, "1": 4, "2": 4, "3": 4 },
    "f": { "0": 4, "1": 4 },
    "b": {},
    "meta": {
      "lastBranch": 0,
      "lastFunction": 2,
      "lastStatement": 4,
      "seen": {
        "f:9:2:9:14": 0,
        "s:10:4:10:Infinity": 0,
        "s:11:4:11:Infinity": 1,
        "s:12:4:12:Infinity": 2,
        "f:15:2:15:9": 1,
        "s:16:4:20:Infinity": 3
      }
    }
  },
  "/Users/lazy_sloth/Desktop/dev/projects/worklog/backend/src/domain/value-objects/MeasurementUnit.ts": {
    "path": "/Users/lazy_sloth/Desktop/dev/projects/worklog/backend/src/domain/value-objects/MeasurementUnit.ts",
    "statementMap": {
      "0": { "start": { "line": 1, "column": 7 }, "end": { "line": 9, "column": null } },
      "1": { "start": { "line": 2, "column": 2 }, "end": { "line": 2, "column": null } },
      "2": { "start": { "line": 3, "column": 2 }, "end": { "line": 3, "column": null } },
      "3": { "start": { "line": 4, "column": 2 }, "end": { "line": 4, "column": null } },
      "4": { "start": { "line": 5, "column": 2 }, "end": { "line": 5, "column": null } },
      "5": { "start": { "line": 6, "column": 2 }, "end": { "line": 6, "column": null } },
      "6": { "start": { "line": 7, "column": 2 }, "end": { "line": 7, "column": null } },
      "7": { "start": { "line": 8, "column": 2 }, "end": { "line": 8, "column": null } },
      "8": { "start": { "line": 12, "column": 37 }, "end": { "line": 12, "column": null } },
      "9": { "start": { "line": 16, "column": 4 }, "end": { "line": 18, "column": null } },
      "10": { "start": { "line": 17, "column": 6 }, "end": { "line": 17, "column": null } },
      "11": { "start": { "line": 19, "column": 4 }, "end": { "line": 19, "column": null } },
      "12": { "start": { "line": 23, "column": 4 }, "end": { "line": 23, "column": null } },
      "13": { "start": { "line": 27, "column": 4 }, "end": { "line": 27, "column": null } }
    },
    "fnMap": {
      "0": {
        "name": "(anonymous_0)",
        "decl": { "start": { "line": 1, "column": 7 }, "end": { "line": 1, "column": 12 } },
        "loc": { "start": { "line": 1, "column": 7 }, "end": { "line": 9, "column": null } },
        "line": 1
      },
      "1": {
        "name": "constructor",
        "decl": { "start": { "line": 15, "column": 2 }, "end": { "line": 15, "column": 14 } },
        "loc": { "start": { "line": 15, "column": 29 }, "end": { "line": 20, "column": null } },
        "line": 15
      },
      "2": {
        "name": "value",
        "decl": { "start": { "line": 22, "column": 6 }, "end": { "line": 22, "column": 36 } },
        "loc": { "start": { "line": 22, "column": 36 }, "end": { "line": 24, "column": null } },
        "line": 22
      },
      "3": {
        "name": "isValid",
        "decl": { "start": { "line": 26, "column": 2 }, "end": { "line": 26, "column": 10 } },
        "loc": { "start": { "line": 26, "column": 56 }, "end": { "line": 28, "column": null } },
        "line": 26
      }
    },
    "branchMap": {
      "0": {
        "loc": { "start": { "line": 16, "column": 4 }, "end": { "line": 18, "column": null } },
        "type": "if",
        "locations": [
          { "start": { "line": 16, "column": 4 }, "end": { "line": 18, "column": null } },
          { "start": {}, "end": {} }
        ],
        "line": 16
      }
    },
    "s": {
      "0": 12,
      "1": 12,
      "2": 12,
      "3": 12,
      "4": 12,
      "5": 12,
      "6": 12,
      "7": 12,
      "8": 14,
      "9": 14,
      "10": 2,
      "11": 12,
      "12": 8,
      "13": 14
    },
    "f": { "0": 12, "1": 14, "2": 8, "3": 14 },
    "b": { "0": [2, 12] },
    "meta": {
      "lastBranch": 1,
      "lastFunction": 4,
      "lastStatement": 14,
      "seen": {
        "s:1:7:9:Infinity": 0,
        "f:1:7:1:12": 0,
        "s:2:2:2:Infinity": 1,
        "s:3:2:3:Infinity": 2,
        "s:4:2:4:Infinity": 3,
        "s:5:2:5:Infinity": 4,
        "s:6:2:6:Infinity": 5,
        "s:7:2:7:Infinity": 6,
        "s:8:2:8:Infinity": 7,
        "s:12:37:12:Infinity": 8,
        "f:15:2:15:14": 1,
        "b:16:4:18:Infinity:undefined:undefined:undefined:undefined": 0,
        "s:16:4:18:Infinity": 9,
        "s:17:6:17:Infinity": 10,
        "s:19:4:19:Infinity": 11,
        "f:22:6:22:36": 2,
        "s:23:4:23:Infinity": 12,
        "f:26:2:26:10": 3,
        "s:27:4:27:Infinity": 13
      }
    }
  },
  "/Users/lazy_sloth/Desktop/dev/projects/worklog/backend/src/infrastructure/http/controllers/WorkLogController.ts": {
    "path": "/Users/lazy_sloth/Desktop/dev/projects/worklog/backend/src/infrastructure/http/controllers/WorkLogController.ts",
    "statementMap": {
      "0": { "start": { "line": 21, "column": 15 }, "end": { "line": 64, "column": null } },
      "1": { "start": { "line": 29, "column": 81 }, "end": { "line": 36, "column": null } },
      "2": { "start": { "line": 38, "column": 76 }, "end": { "line": 45, "column": null } },
      "3": { "start": { "line": 47, "column": 92 }, "end": { "line": 57, "column": null } },
      "4": { "start": { "line": 59, "column": 82 }, "end": { "line": 63, "column": null } },
      "5": { "start": { "line": 23, "column": 42 }, "end": { "line": 23, "column": null } },
      "6": { "start": { "line": 24, "column": 44 }, "end": { "line": 24, "column": null } },
      "7": { "start": { "line": 25, "column": 44 }, "end": { "line": 25, "column": null } },
      "8": { "start": { "line": 26, "column": 45 }, "end": { "line": 26, "column": null } },
      "9": { "start": { "line": 33, "column": 47 }, "end": { "line": 33, "column": null } },
      "10": { "start": { "line": 34, "column": 21 }, "end": { "line": 34, "column": null } },
      "11": { "start": { "line": 35, "column": 4 }, "end": { "line": 35, "column": null } },
      "12": { "start": { "line": 42, "column": 23 }, "end": { "line": 42, "column": null } },
      "13": { "start": { "line": 43, "column": 20 }, "end": { "line": 43, "column": null } },
      "14": { "start": { "line": 44, "column": 4 }, "end": { "line": 44, "column": null } },
      "15": { "start": { "line": 51, "column": 23 }, "end": { "line": 54, "column": null } },
      "16": { "start": { "line": 55, "column": 20 }, "end": { "line": 55, "column": null } },
      "17": { "start": { "line": 56, "column": 4 }, "end": { "line": 56, "column": null } },
      "18": { "start": { "line": 60, "column": 16 }, "end": { "line": 60, "column": null } },
      "19": { "start": { "line": 61, "column": 19 }, "end": { "line": 61, "column": null } },
      "20": { "start": { "line": 62, "column": 4 }, "end": { "line": 62, "column": null } }
    },
    "fnMap": {
      "0": {
        "name": "constructor",
        "decl": { "start": { "line": 22, "column": 2 }, "end": { "line": 22, "column": null } },
        "loc": { "start": { "line": 27, "column": 4 }, "end": { "line": 27, "column": null } },
        "line": 27
      },
      "1": {
        "name": "(anonymous_1)",
        "decl": { "start": { "line": 29, "column": 81 }, "end": { "line": 29, "column": null } },
        "loc": { "start": { "line": 32, "column": 22 }, "end": { "line": 36, "column": null } },
        "line": 32
      },
      "2": {
        "name": "(anonymous_2)",
        "decl": { "start": { "line": 38, "column": 76 }, "end": { "line": 38, "column": null } },
        "loc": { "start": { "line": 41, "column": 22 }, "end": { "line": 45, "column": null } },
        "line": 41
      },
      "3": {
        "name": "(anonymous_3)",
        "decl": { "start": { "line": 47, "column": 92 }, "end": { "line": 47, "column": null } },
        "loc": { "start": { "line": 50, "column": 22 }, "end": { "line": 57, "column": null } },
        "line": 50
      },
      "4": {
        "name": "(anonymous_4)",
        "decl": { "start": { "line": 59, "column": 82 }, "end": { "line": 59, "column": 89 } },
        "loc": { "start": { "line": 59, "column": 117 }, "end": { "line": 63, "column": null } },
        "line": 59
      }
    },
    "branchMap": {},
    "s": {
      "0": 4,
      "1": 1,
      "2": 1,
      "3": 3,
      "4": 1,
      "5": 10,
      "6": 10,
      "7": 10,
      "8": 10,
      "9": 1,
      "10": 1,
      "11": 1,
      "12": 1,
      "13": 1,
      "14": 1,
      "15": 3,
      "16": 3,
      "17": 1,
      "18": 1,
      "19": 1,
      "20": 1
    },
    "f": { "0": 10, "1": 1, "2": 1, "3": 3, "4": 1 },
    "b": {},
    "meta": {
      "lastBranch": 0,
      "lastFunction": 5,
      "lastStatement": 21,
      "seen": {
        "s:21:15:64:Infinity": 0,
        "s:29:81:36:Infinity": 1,
        "s:38:76:45:Infinity": 2,
        "s:47:92:57:Infinity": 3,
        "s:59:82:63:Infinity": 4,
        "f:22:2:22:Infinity": 0,
        "s:23:42:23:Infinity": 5,
        "s:24:44:24:Infinity": 6,
        "s:25:44:25:Infinity": 7,
        "s:26:45:26:Infinity": 8,
        "f:29:81:29:Infinity": 1,
        "s:33:47:33:Infinity": 9,
        "s:34:21:34:Infinity": 10,
        "s:35:4:35:Infinity": 11,
        "f:38:76:38:Infinity": 2,
        "s:42:23:42:Infinity": 12,
        "s:43:20:43:Infinity": 13,
        "s:44:4:44:Infinity": 14,
        "f:47:92:47:Infinity": 3,
        "s:51:23:54:Infinity": 15,
        "s:55:20:55:Infinity": 16,
        "s:56:4:56:Infinity": 17,
        "f:59:82:59:89": 4,
        "s:60:16:60:Infinity": 18,
        "s:61:19:61:Infinity": 19,
        "s:62:4:62:Infinity": 20
      }
    }
  },
  "/Users/lazy_sloth/Desktop/dev/projects/worklog/backend/src/infrastructure/http/controllers/WorkTypeController.ts": {
    "path": "/Users/lazy_sloth/Desktop/dev/projects/worklog/backend/src/infrastructure/http/controllers/WorkTypeController.ts",
    "statementMap": {
      "0": { "start": { "line": 9, "column": 15 }, "end": { "line": 16, "column": null } },
      "1": { "start": { "line": 12, "column": 35 }, "end": { "line": 15, "column": null } },
      "2": { "start": { "line": 10, "column": 53 }, "end": { "line": 10, "column": 81 } },
      "3": { "start": { "line": 13, "column": 21 }, "end": { "line": 13, "column": null } },
      "4": { "start": { "line": 14, "column": 4 }, "end": { "line": 14, "column": null } }
    },
    "fnMap": {
      "0": {
        "name": "constructor",
        "decl": { "start": { "line": 10, "column": 2 }, "end": { "line": 10, "column": 14 } },
        "loc": { "start": { "line": 10, "column": 81 }, "end": { "line": 10, "column": null } },
        "line": 10
      },
      "1": {
        "name": "(anonymous_1)",
        "decl": { "start": { "line": 12, "column": 35 }, "end": { "line": 12, "column": 42 } },
        "loc": { "start": { "line": 12, "column": 68 }, "end": { "line": 15, "column": null } },
        "line": 12
      }
    },
    "branchMap": {},
    "s": { "0": 1, "1": 1, "2": 1, "3": 1, "4": 1 },
    "f": { "0": 1, "1": 1 },
    "b": {},
    "meta": {
      "lastBranch": 0,
      "lastFunction": 2,
      "lastStatement": 5,
      "seen": {
        "s:9:15:16:Infinity": 0,
        "s:12:35:15:Infinity": 1,
        "f:10:2:10:14": 0,
        "s:10:53:10:81": 2,
        "f:12:35:12:42": 1,
        "s:13:21:13:Infinity": 3,
        "s:14:4:14:Infinity": 4
      }
    }
  },
  "/Users/lazy_sloth/Desktop/dev/projects/worklog/backend/src/infrastructure/http/contstants/httpStatusCode.ts": {
    "path": "/Users/lazy_sloth/Desktop/dev/projects/worklog/backend/src/infrastructure/http/contstants/httpStatusCode.ts",
    "statementMap": {
      "0": { "start": { "line": 1, "column": 0 }, "end": { "line": 11, "column": null } },
      "1": { "start": { "line": 2, "column": 2 }, "end": { "line": 2, "column": null } },
      "2": { "start": { "line": 3, "column": 2 }, "end": { "line": 3, "column": null } },
      "3": { "start": { "line": 4, "column": 2 }, "end": { "line": 4, "column": null } },
      "4": { "start": { "line": 5, "column": 2 }, "end": { "line": 5, "column": null } },
      "5": { "start": { "line": 6, "column": 2 }, "end": { "line": 6, "column": null } },
      "6": { "start": { "line": 7, "column": 2 }, "end": { "line": 7, "column": null } },
      "7": { "start": { "line": 8, "column": 2 }, "end": { "line": 8, "column": null } },
      "8": { "start": { "line": 9, "column": 2 }, "end": { "line": 9, "column": null } },
      "9": { "start": { "line": 10, "column": 2 }, "end": { "line": 10, "column": null } }
    },
    "fnMap": {
      "0": {
        "name": "(anonymous_0)",
        "decl": { "start": { "line": 1, "column": 0 }, "end": { "line": 1, "column": 5 } },
        "loc": { "start": { "line": 1, "column": 0 }, "end": { "line": 11, "column": null } },
        "line": 1
      }
    },
    "branchMap": {
      "0": {
        "loc": { "start": { "line": 1, "column": 5 }, "end": { "line": 1, "column": null } },
        "type": "binary-expr",
        "locations": [
          { "start": { "line": 1, "column": 5 }, "end": { "line": 1, "column": null } },
          { "start": { "line": 1, "column": 5 }, "end": { "line": 1, "column": null } }
        ],
        "line": 1
      }
    },
    "s": { "0": 6, "1": 6, "2": 6, "3": 6, "4": 6, "5": 6, "6": 6, "7": 6, "8": 6, "9": 6 },
    "f": { "0": 6 },
    "b": { "0": [6, 6] },
    "meta": {
      "lastBranch": 1,
      "lastFunction": 1,
      "lastStatement": 10,
      "seen": {
        "s:1:0:11:Infinity": 0,
        "f:1:0:1:5": 0,
        "s:2:2:2:Infinity": 1,
        "s:3:2:3:Infinity": 2,
        "s:4:2:4:Infinity": 3,
        "s:5:2:5:Infinity": 4,
        "s:6:2:6:Infinity": 5,
        "s:7:2:7:Infinity": 6,
        "s:8:2:8:Infinity": 7,
        "s:9:2:9:Infinity": 8,
        "s:10:2:10:Infinity": 9,
        "b:1:5:1:Infinity:1:5:1:Infinity": 0
      }
    }
  },
  "/Users/lazy_sloth/Desktop/dev/projects/worklog/backend/src/infrastructure/http/contstants/responses.ts": {
    "path": "/Users/lazy_sloth/Desktop/dev/projects/worklog/backend/src/infrastructure/http/contstants/responses.ts",
    "statementMap": {
      "0": { "start": { "line": 8, "column": 55 }, "end": { "line": 37, "column": null } }
    },
    "fnMap": {},
    "branchMap": {},
    "s": { "0": 4 },
    "f": {},
    "b": {},
    "meta": {
      "lastBranch": 0,
      "lastFunction": 0,
      "lastStatement": 1,
      "seen": { "s:8:55:37:Infinity": 0 }
    }
  },
  "/Users/lazy_sloth/Desktop/dev/projects/worklog/backend/src/infrastructure/http/middleware/errorsHandler.ts": {
    "path": "/Users/lazy_sloth/Desktop/dev/projects/worklog/backend/src/infrastructure/http/middleware/errorsHandler.ts",
    "statementMap": {
      "0": { "start": { "line": 10, "column": 6 }, "end": { "line": 38, "column": null } },
      "1": { "start": { "line": 11, "column": 2 }, "end": { "line": 11, "column": null } },
      "2": { "start": { "line": 13, "column": 2 }, "end": { "line": 16, "column": null } },
      "3": { "start": { "line": 14, "column": 4 }, "end": { "line": 14, "column": null } },
      "4": { "start": { "line": 15, "column": 4 }, "end": { "line": 15, "column": null } },
      "5": { "start": { "line": 18, "column": 2 }, "end": { "line": 20, "column": null } },
      "6": { "start": { "line": 19, "column": 4 }, "end": { "line": 19, "column": null } },
      "7": { "start": { "line": 22, "column": 2 }, "end": { "line": 32, "column": null } },
      "8": { "start": { "line": 23, "column": 17 }, "end": { "line": 23, "column": null } },
      "9": { "start": { "line": 25, "column": 4 }, "end": { "line": 31, "column": null } },
      "10": { "start": { "line": 26, "column": 6 }, "end": { "line": 29, "column": null } },
      "11": { "start": { "line": 30, "column": 6 }, "end": { "line": 30, "column": null } },
      "12": { "start": { "line": 34, "column": 2 }, "end": { "line": 37, "column": null } }
    },
    "fnMap": {
      "0": {
        "name": "(anonymous_0)",
        "decl": { "start": { "line": 10, "column": 6 }, "end": { "line": 10, "column": 44 } },
        "loc": { "start": { "line": 10, "column": 64 }, "end": { "line": 38, "column": null } },
        "line": 10
      }
    },
    "branchMap": {
      "0": {
        "loc": { "start": { "line": 13, "column": 2 }, "end": { "line": 16, "column": null } },
        "type": "if",
        "locations": [
          { "start": { "line": 13, "column": 2 }, "end": { "line": 16, "column": null } },
          { "start": {}, "end": {} }
        ],
        "line": 13
      },
      "1": {
        "loc": { "start": { "line": 18, "column": 2 }, "end": { "line": 20, "column": null } },
        "type": "if",
        "locations": [
          { "start": { "line": 18, "column": 2 }, "end": { "line": 20, "column": null } },
          { "start": {}, "end": {} }
        ],
        "line": 18
      },
      "2": {
        "loc": { "start": { "line": 22, "column": 2 }, "end": { "line": 32, "column": null } },
        "type": "if",
        "locations": [
          { "start": { "line": 22, "column": 2 }, "end": { "line": 32, "column": null } },
          { "start": {}, "end": {} }
        ],
        "line": 22
      },
      "3": {
        "loc": { "start": { "line": 25, "column": 4 }, "end": { "line": 31, "column": null } },
        "type": "if",
        "locations": [
          { "start": { "line": 25, "column": 4 }, "end": { "line": 31, "column": null } },
          { "start": {}, "end": {} }
        ],
        "line": 25
      }
    },
    "s": {
      "0": 4,
      "1": 8,
      "2": 8,
      "3": 1,
      "4": 1,
      "5": 7,
      "6": 4,
      "7": 3,
      "8": 2,
      "9": 2,
      "10": 2,
      "11": 2,
      "12": 1
    },
    "f": { "0": 8 },
    "b": { "0": [1, 7], "1": [4, 3], "2": [2, 1], "3": [2, 0] },
    "meta": {
      "lastBranch": 4,
      "lastFunction": 1,
      "lastStatement": 13,
      "seen": {
        "s:10:6:38:Infinity": 0,
        "f:10:6:10:44": 0,
        "s:11:2:11:Infinity": 1,
        "b:13:2:16:Infinity:undefined:undefined:undefined:undefined": 0,
        "s:13:2:16:Infinity": 2,
        "s:14:4:14:Infinity": 3,
        "s:15:4:15:Infinity": 4,
        "b:18:2:20:Infinity:undefined:undefined:undefined:undefined": 1,
        "s:18:2:20:Infinity": 5,
        "s:19:4:19:Infinity": 6,
        "b:22:2:32:Infinity:undefined:undefined:undefined:undefined": 2,
        "s:22:2:32:Infinity": 7,
        "s:23:17:23:Infinity": 8,
        "b:25:4:31:Infinity:undefined:undefined:undefined:undefined": 3,
        "s:25:4:31:Infinity": 9,
        "s:26:6:29:Infinity": 10,
        "s:30:6:30:Infinity": 11,
        "s:34:2:37:Infinity": 12
      }
    }
  },
  "/Users/lazy_sloth/Desktop/dev/projects/worklog/backend/src/infrastructure/http/middleware/validation.ts": {
    "path": "/Users/lazy_sloth/Desktop/dev/projects/worklog/backend/src/infrastructure/http/middleware/validation.ts",
    "statementMap": {
      "0": { "start": { "line": 13, "column": 2 }, "end": { "line": 13, "column": null } },
      "1": { "start": { "line": 16, "column": 6 }, "end": { "line": 43, "column": null } },
      "2": { "start": { "line": 18, "column": 2 }, "end": { "line": 43, "column": null } },
      "3": { "start": { "line": 19, "column": 4 }, "end": { "line": 19, "column": null } },
      "4": { "start": { "line": 19, "column": 17 }, "end": { "line": 19, "column": null } },
      "5": { "start": { "line": 20, "column": 19 }, "end": { "line": 24, "column": null } },
      "6": { "start": { "line": 26, "column": 4 }, "end": { "line": 41, "column": null } },
      "7": { "start": { "line": 27, "column": 6 }, "end": { "line": 29, "column": null } },
      "8": { "start": { "line": 28, "column": 8 }, "end": { "line": 28, "column": null } },
      "9": { "start": { "line": 30, "column": 6 }, "end": { "line": 32, "column": null } },
      "10": { "start": { "line": 31, "column": 8 }, "end": { "line": 31, "column": null } },
      "11": { "start": { "line": 33, "column": 6 }, "end": { "line": 40, "column": null } },
      "12": { "start": { "line": 34, "column": 8 }, "end": { "line": 39, "column": null } },
      "13": { "start": { "line": 42, "column": 4 }, "end": { "line": 42, "column": null } }
    },
    "fnMap": {
      "0": {
        "name": "isValidatedRequest",
        "decl": { "start": { "line": 12, "column": 9 }, "end": { "line": 12, "column": 28 } },
        "loc": { "start": { "line": 12, "column": 71 }, "end": { "line": 14, "column": null } },
        "line": 12
      },
      "1": {
        "name": "(anonymous_1)",
        "decl": { "start": { "line": 16, "column": 6 }, "end": { "line": 16, "column": null } },
        "loc": { "start": { "line": 18, "column": 2 }, "end": { "line": 43, "column": null } },
        "line": 18
      },
      "2": {
        "name": "(anonymous_2)",
        "decl": { "start": { "line": 18, "column": 2 }, "end": { "line": 18, "column": 9 } },
        "loc": { "start": { "line": 18, "column": 41 }, "end": { "line": 43, "column": null } },
        "line": 18
      }
    },
    "branchMap": {
      "0": {
        "loc": { "start": { "line": 13, "column": 9 }, "end": { "line": 13, "column": null } },
        "type": "binary-expr",
        "locations": [
          { "start": { "line": 13, "column": 9 }, "end": { "line": 13, "column": 38 } },
          { "start": { "line": 13, "column": 38 }, "end": { "line": 13, "column": null } }
        ],
        "line": 13
      },
      "1": {
        "loc": { "start": { "line": 19, "column": 4 }, "end": { "line": 19, "column": null } },
        "type": "if",
        "locations": [
          { "start": { "line": 19, "column": 4 }, "end": { "line": 19, "column": null } },
          { "start": {}, "end": {} }
        ],
        "line": 19
      },
      "2": {
        "loc": { "start": { "line": 26, "column": 4 }, "end": { "line": 41, "column": null } },
        "type": "if",
        "locations": [
          { "start": { "line": 26, "column": 4 }, "end": { "line": 41, "column": null } },
          { "start": {}, "end": {} }
        ],
        "line": 26
      },
      "3": {
        "loc": { "start": { "line": 27, "column": 6 }, "end": { "line": 29, "column": null } },
        "type": "if",
        "locations": [
          { "start": { "line": 27, "column": 6 }, "end": { "line": 29, "column": null } },
          { "start": {}, "end": {} }
        ],
        "line": 27
      },
      "4": {
        "loc": { "start": { "line": 30, "column": 6 }, "end": { "line": 32, "column": null } },
        "type": "if",
        "locations": [
          { "start": { "line": 30, "column": 6 }, "end": { "line": 32, "column": null } },
          { "start": {}, "end": {} }
        ],
        "line": 30
      },
      "5": {
        "loc": { "start": { "line": 33, "column": 6 }, "end": { "line": 40, "column": null } },
        "type": "if",
        "locations": [
          { "start": { "line": 33, "column": 6 }, "end": { "line": 40, "column": null } },
          { "start": {}, "end": {} }
        ],
        "line": 33
      }
    },
    "s": {
      "0": 6,
      "1": 4,
      "2": 13,
      "3": 10,
      "4": 0,
      "5": 10,
      "6": 6,
      "7": 6,
      "8": 5,
      "9": 6,
      "10": 4,
      "11": 6,
      "12": 2,
      "13": 6
    },
    "f": { "0": 6, "1": 13, "2": 10 },
    "b": { "0": [6, 6], "1": [0, 10], "2": [6, 0], "3": [5, 1], "4": [4, 2], "5": [2, 4] },
    "meta": {
      "lastBranch": 6,
      "lastFunction": 3,
      "lastStatement": 14,
      "seen": {
        "f:12:9:12:28": 0,
        "s:13:2:13:Infinity": 0,
        "b:13:9:13:38:13:38:13:Infinity": 0,
        "s:16:6:43:Infinity": 1,
        "f:16:6:16:Infinity": 1,
        "s:18:2:43:Infinity": 2,
        "f:18:2:18:9": 2,
        "b:19:4:19:Infinity:undefined:undefined:undefined:undefined": 1,
        "s:19:4:19:Infinity": 3,
        "s:19:17:19:Infinity": 4,
        "s:20:19:24:Infinity": 5,
        "b:26:4:41:Infinity:undefined:undefined:undefined:undefined": 2,
        "s:26:4:41:Infinity": 6,
        "b:27:6:29:Infinity:undefined:undefined:undefined:undefined": 3,
        "s:27:6:29:Infinity": 7,
        "s:28:8:28:Infinity": 8,
        "b:30:6:32:Infinity:undefined:undefined:undefined:undefined": 4,
        "s:30:6:32:Infinity": 9,
        "s:31:8:31:Infinity": 10,
        "b:33:6:40:Infinity:undefined:undefined:undefined:undefined": 5,
        "s:33:6:40:Infinity": 11,
        "s:34:8:39:Infinity": 12,
        "s:42:4:42:Infinity": 13
      }
    }
  },
  "/Users/lazy_sloth/Desktop/dev/projects/worklog/backend/src/infrastructure/http/routes/workLogRoutes.ts": {
    "path": "/Users/lazy_sloth/Desktop/dev/projects/worklog/backend/src/infrastructure/http/routes/workLogRoutes.ts",
    "statementMap": {
      "0": { "start": { "line": 6, "column": 6 }, "end": { "line": 16, "column": null } },
      "1": { "start": { "line": 10, "column": 8 }, "end": { "line": 10, "column": null } },
      "2": { "start": { "line": 11, "column": 2 }, "end": { "line": 11, "column": null } },
      "3": { "start": { "line": 12, "column": 2 }, "end": { "line": 12, "column": null } },
      "4": { "start": { "line": 13, "column": 2 }, "end": { "line": 13, "column": null } },
      "5": { "start": { "line": 14, "column": 2 }, "end": { "line": 14, "column": null } },
      "6": { "start": { "line": 15, "column": 2 }, "end": { "line": 15, "column": null } }
    },
    "fnMap": {
      "0": {
        "name": "(anonymous_0)",
        "decl": { "start": { "line": 6, "column": 6 }, "end": { "line": 6, "column": null } },
        "loc": { "start": { "line": 9, "column": 13 }, "end": { "line": 16, "column": null } },
        "line": 9
      }
    },
    "branchMap": {},
    "s": { "0": 4, "1": 10, "2": 10, "3": 10, "4": 10, "5": 10, "6": 10 },
    "f": { "0": 10 },
    "b": {},
    "meta": {
      "lastBranch": 0,
      "lastFunction": 1,
      "lastStatement": 7,
      "seen": {
        "s:6:6:16:Infinity": 0,
        "f:6:6:6:Infinity": 0,
        "s:10:8:10:Infinity": 1,
        "s:11:2:11:Infinity": 2,
        "s:12:2:12:Infinity": 3,
        "s:13:2:13:Infinity": 4,
        "s:14:2:14:Infinity": 5,
        "s:15:2:15:Infinity": 6
      }
    }
  },
  "/Users/lazy_sloth/Desktop/dev/projects/worklog/backend/src/infrastructure/http/routes/workTypeRoutes.ts": {
    "path": "/Users/lazy_sloth/Desktop/dev/projects/worklog/backend/src/infrastructure/http/routes/workTypeRoutes.ts",
    "statementMap": {
      "0": { "start": { "line": 5, "column": 6 }, "end": { "line": 9, "column": null } },
      "1": { "start": { "line": 6, "column": 8 }, "end": { "line": 6, "column": null } },
      "2": { "start": { "line": 7, "column": 2 }, "end": { "line": 7, "column": null } },
      "3": { "start": { "line": 8, "column": 2 }, "end": { "line": 8, "column": null } }
    },
    "fnMap": {
      "0": {
        "name": "(anonymous_0)",
        "decl": { "start": { "line": 5, "column": 6 }, "end": { "line": 5, "column": 30 } },
        "loc": { "start": { "line": 5, "column": 81 }, "end": { "line": 9, "column": null } },
        "line": 5
      }
    },
    "branchMap": {},
    "s": { "0": 1, "1": 1, "2": 1, "3": 1 },
    "f": { "0": 1 },
    "b": {},
    "meta": {
      "lastBranch": 0,
      "lastFunction": 1,
      "lastStatement": 4,
      "seen": {
        "s:5:6:9:Infinity": 0,
        "f:5:6:5:30": 0,
        "s:6:8:6:Infinity": 1,
        "s:7:2:7:Infinity": 2,
        "s:8:2:8:Infinity": 3
      }
    }
  },
  "/Users/lazy_sloth/Desktop/dev/projects/worklog/backend/src/infrastructure/http/validations/workLogValidations.ts": {
    "path": "/Users/lazy_sloth/Desktop/dev/projects/worklog/backend/src/infrastructure/http/validations/workLogValidations.ts",
    "statementMap": {
      "0": { "start": { "line": 20, "column": 48 }, "end": { "line": 25, "column": null } },
      "1": { "start": { "line": 28, "column": 2 }, "end": { "line": 28, "column": null } }
    },
    "fnMap": {},
    "branchMap": {},
    "s": { "0": 3, "1": 3 },
    "f": {},
    "b": {},
    "meta": {
      "lastBranch": 0,
      "lastFunction": 0,
      "lastStatement": 2,
      "seen": { "s:20:48:25:Infinity": 0, "s:28:2:28:Infinity": 1 }
    }
  },
  "/Users/lazy_sloth/Desktop/dev/projects/worklog/backend/src/infrastructure/persistence/repository/PrismaWorkLogRepository.ts": {
    "path": "/Users/lazy_sloth/Desktop/dev/projects/worklog/backend/src/infrastructure/persistence/repository/PrismaWorkLogRepository.ts",
    "statementMap": {
      "0": { "start": { "line": 12, "column": 7 }, "end": { "line": 57, "column": null } },
      "1": { "start": { "line": 13, "column": 54 }, "end": { "line": 13, "column": 77 } },
      "2": { "start": { "line": 16, "column": 4 }, "end": { "line": 20, "column": null } },
      "3": { "start": { "line": 23, "column": 24 }, "end": { "line": 23, "column": null } },
      "4": { "start": { "line": 24, "column": 4 }, "end": { "line": 24, "column": null } },
      "5": { "start": { "line": 28, "column": 25 }, "end": { "line": 36, "column": null } },
      "6": { "start": { "line": 37, "column": 4 }, "end": { "line": 37, "column": null } },
      "7": { "start": { "line": 37, "column": 45 }, "end": { "line": 37, "column": 75 } },
      "8": { "start": { "line": 41, "column": 24 }, "end": { "line": 48, "column": null } },
      "9": { "start": { "line": 49, "column": 4 }, "end": { "line": 49, "column": null } },
      "10": { "start": { "line": 53, "column": 4 }, "end": { "line": 55, "column": null } }
    },
    "fnMap": {
      "0": {
        "name": "constructor",
        "decl": { "start": { "line": 13, "column": 2 }, "end": { "line": 13, "column": 14 } },
        "loc": { "start": { "line": 13, "column": 77 }, "end": { "line": 13, "column": null } },
        "line": 13
      },
      "1": {
        "name": "createWorLog",
        "decl": { "start": { "line": 15, "column": 2 }, "end": { "line": 15, "column": 10 } },
        "loc": { "start": { "line": 15, "column": 66 }, "end": { "line": 21, "column": null } },
        "line": 15
      },
      "2": {
        "name": "getById",
        "decl": { "start": { "line": 22, "column": 8 }, "end": { "line": 22, "column": 16 } },
        "loc": { "start": { "line": 22, "column": 53 }, "end": { "line": 25, "column": null } },
        "line": 22
      },
      "3": {
        "name": "getByDateRange",
        "decl": { "start": { "line": 27, "column": 8 }, "end": { "line": 27, "column": 23 } },
        "loc": { "start": { "line": 27, "column": 96 }, "end": { "line": 38, "column": null } },
        "line": 27
      },
      "4": {
        "name": "(anonymous_4)",
        "decl": { "start": { "line": 37, "column": 24 }, "end": { "line": 37, "column": 29 } },
        "loc": { "start": { "line": 37, "column": 45 }, "end": { "line": 37, "column": 75 } },
        "line": 37
      },
      "5": {
        "name": "save",
        "decl": { "start": { "line": 40, "column": 8 }, "end": { "line": 40, "column": 13 } },
        "loc": { "start": { "line": 40, "column": 49 }, "end": { "line": 50, "column": null } },
        "line": 40
      },
      "6": {
        "name": "delete",
        "decl": { "start": { "line": 52, "column": 8 }, "end": { "line": 52, "column": 15 } },
        "loc": { "start": { "line": 52, "column": 53 }, "end": { "line": 56, "column": null } },
        "line": 52
      }
    },
    "branchMap": {
      "0": {
        "loc": { "start": { "line": 24, "column": 11 }, "end": { "line": 24, "column": null } },
        "type": "cond-expr",
        "locations": [
          { "start": { "line": 24, "column": 25 }, "end": { "line": 24, "column": 58 } },
          { "start": { "line": 24, "column": 58 }, "end": { "line": 24, "column": null } }
        ],
        "line": 24
      },
      "1": {
        "loc": { "start": { "line": 31, "column": 14 }, "end": { "line": 31, "column": null } },
        "type": "binary-expr",
        "locations": [
          { "start": { "line": 31, "column": 14 }, "end": { "line": 31, "column": 27 } },
          { "start": { "line": 31, "column": 27 }, "end": { "line": 31, "column": null } }
        ],
        "line": 31
      },
      "2": {
        "loc": { "start": { "line": 32, "column": 14 }, "end": { "line": 32, "column": null } },
        "type": "binary-expr",
        "locations": [
          { "start": { "line": 32, "column": 14 }, "end": { "line": 32, "column": 25 } },
          { "start": { "line": 32, "column": 25 }, "end": { "line": 32, "column": null } }
        ],
        "line": 32
      },
      "3": {
        "loc": { "start": { "line": 35, "column": 23 }, "end": { "line": 35, "column": 51 } },
        "type": "cond-expr",
        "locations": [
          { "start": { "line": 35, "column": 36 }, "end": { "line": 35, "column": 44 } },
          { "start": { "line": 35, "column": 44 }, "end": { "line": 35, "column": 51 } }
        ],
        "line": 35
      }
    },
    "s": {
      "0": 4,
      "1": 5,
      "2": 3,
      "3": 2,
      "4": 2,
      "5": 1,
      "6": 1,
      "7": 1,
      "8": 1,
      "9": 1,
      "10": 1
    },
    "f": { "0": 5, "1": 3, "2": 2, "3": 1, "4": 1, "5": 1, "6": 1 },
    "b": { "0": [1, 1], "1": [1, 1], "2": [1, 1], "3": [1, 0] },
    "meta": {
      "lastBranch": 4,
      "lastFunction": 7,
      "lastStatement": 11,
      "seen": {
        "s:12:7:57:Infinity": 0,
        "f:13:2:13:14": 0,
        "s:13:54:13:77": 1,
        "f:15:2:15:10": 1,
        "s:16:4:20:Infinity": 2,
        "f:22:8:22:16": 2,
        "s:23:24:23:Infinity": 3,
        "s:24:4:24:Infinity": 4,
        "b:24:25:24:58:24:58:24:Infinity": 0,
        "f:27:8:27:23": 3,
        "s:28:25:36:Infinity": 5,
        "b:31:14:31:27:31:27:31:Infinity": 1,
        "b:32:14:32:25:32:25:32:Infinity": 2,
        "b:35:36:35:44:35:44:35:51": 3,
        "s:37:4:37:Infinity": 6,
        "f:37:24:37:29": 4,
        "s:37:45:37:75": 7,
        "f:40:8:40:13": 5,
        "s:41:24:48:Infinity": 8,
        "s:49:4:49:Infinity": 9,
        "f:52:8:52:15": 6,
        "s:53:4:55:Infinity": 10
      }
    }
  },
  "/Users/lazy_sloth/Desktop/dev/projects/worklog/backend/src/infrastructure/persistence/repository/PrismaWorkTypeRepository.ts": {
    "path": "/Users/lazy_sloth/Desktop/dev/projects/worklog/backend/src/infrastructure/persistence/repository/PrismaWorkTypeRepository.ts",
    "statementMap": {
      "0": { "start": { "line": 9, "column": 7 }, "end": { "line": 36, "column": null } },
      "1": { "start": { "line": 10, "column": 54 }, "end": { "line": 10, "column": 77 } },
      "2": { "start": { "line": 13, "column": 25 }, "end": { "line": 13, "column": null } },
      "3": { "start": { "line": 14, "column": 4 }, "end": { "line": 14, "column": null } },
      "4": { "start": { "line": 18, "column": 26 }, "end": { "line": 18, "column": null } },
      "5": { "start": { "line": 19, "column": 4 }, "end": { "line": 19, "column": null } },
      "6": { "start": { "line": 19, "column": 47 }, "end": { "line": 19, "column": 73 } },
      "7": { "start": { "line": 23, "column": 25 }, "end": { "line": 27, "column": null } },
      "8": { "start": { "line": 28, "column": 4 }, "end": { "line": 28, "column": null } },
      "9": { "start": { "line": 32, "column": 4 }, "end": { "line": 34, "column": null } }
    },
    "fnMap": {
      "0": {
        "name": "constructor",
        "decl": { "start": { "line": 10, "column": 2 }, "end": { "line": 10, "column": 14 } },
        "loc": { "start": { "line": 10, "column": 77 }, "end": { "line": 10, "column": null } },
        "line": 10
      },
      "1": {
        "name": "getById",
        "decl": { "start": { "line": 12, "column": 8 }, "end": { "line": 12, "column": 16 } },
        "loc": { "start": { "line": 12, "column": 54 }, "end": { "line": 15, "column": null } },
        "line": 12
      },
      "2": {
        "name": "getAll",
        "decl": { "start": { "line": 17, "column": 8 }, "end": { "line": 17, "column": 38 } },
        "loc": { "start": { "line": 17, "column": 38 }, "end": { "line": 20, "column": null } },
        "line": 17
      },
      "3": {
        "name": "(anonymous_3)",
        "decl": { "start": { "line": 19, "column": 25 }, "end": { "line": 19, "column": 30 } },
        "loc": { "start": { "line": 19, "column": 47 }, "end": { "line": 19, "column": 73 } },
        "line": 19
      },
      "4": {
        "name": "save",
        "decl": { "start": { "line": 22, "column": 8 }, "end": { "line": 22, "column": 13 } },
        "loc": { "start": { "line": 22, "column": 52 }, "end": { "line": 29, "column": null } },
        "line": 22
      },
      "5": {
        "name": "delete",
        "decl": { "start": { "line": 31, "column": 8 }, "end": { "line": 31, "column": 15 } },
        "loc": { "start": { "line": 31, "column": 52 }, "end": { "line": 35, "column": null } },
        "line": 31
      }
    },
    "branchMap": {
      "0": {
        "loc": { "start": { "line": 14, "column": 11 }, "end": { "line": 14, "column": null } },
        "type": "cond-expr",
        "locations": [
          { "start": { "line": 14, "column": 26 }, "end": { "line": 14, "column": 55 } },
          { "start": { "line": 14, "column": 55 }, "end": { "line": 14, "column": null } }
        ],
        "line": 14
      }
    },
    "s": { "0": 4, "1": 5, "2": 2, "3": 2, "4": 1, "5": 1, "6": 2, "7": 1, "8": 1, "9": 1 },
    "f": { "0": 5, "1": 2, "2": 1, "3": 2, "4": 1, "5": 1 },
    "b": { "0": [1, 1] },
    "meta": {
      "lastBranch": 1,
      "lastFunction": 6,
      "lastStatement": 10,
      "seen": {
        "s:9:7:36:Infinity": 0,
        "f:10:2:10:14": 0,
        "s:10:54:10:77": 1,
        "f:12:8:12:16": 1,
        "s:13:25:13:Infinity": 2,
        "s:14:4:14:Infinity": 3,
        "b:14:26:14:55:14:55:14:Infinity": 0,
        "f:17:8:17:38": 2,
        "s:18:26:18:Infinity": 4,
        "s:19:4:19:Infinity": 5,
        "f:19:25:19:30": 3,
        "s:19:47:19:73": 6,
        "f:22:8:22:13": 4,
        "s:23:25:27:Infinity": 7,
        "s:28:4:28:Infinity": 8,
        "f:31:8:31:15": 5,
        "s:32:4:34:Infinity": 9
      }
    }
  }
}
